Using pre-set license
Built from '2020.3/staging' branch; Version is '2020.3.9f1 (108be757e447) revision 1084391'; Using compiler version '192528614'; Build Type 'Release'
OS: 'Windows 10 Home; OS build 22000.318; Version 2009; 64bit' Language: 'en' Physical Memory: 8052 MB
BatchMode: 1, IsHumanControllingUs: 0, StartBugReporterOnCrash: 0, Is64bit: 1, IsPro: 0

 COMMAND LINE ARGUMENTS:
C:\Program Files\Unity\Hub\Editor\2020.3.9f1\Editor\Unity.exe
-adb2
-batchMode
-noUpm
-name
AssetImportWorker0
-projectPath
C:/Users/Domin/OneDrive/Documents/GitHub/AI/DAC619_AE1
-logFile
Logs/AssetImportWorker0.log
-srvPort
61375
Successfully changed project path to: C:/Users/Domin/OneDrive/Documents/GitHub/AI/DAC619_AE1
C:/Users/Domin/OneDrive/Documents/GitHub/AI/DAC619_AE1
Using Asset Import Pipeline V2.
Refreshing native plugins compatible for Editor in 22.58 ms, found 0 plugins.
Preloading 0 native plugins for Editor in 0.00 ms.
Initialize engine version: 2020.3.9f1 (108be757e447)
[Subsystems] Discovering subsystems at path C:/Program Files/Unity/Hub/Editor/2020.3.9f1/Editor/Data/Resources/UnitySubsystems
[Subsystems] Discovering subsystems at path C:/Users/Domin/OneDrive/Documents/GitHub/AI/DAC619_AE1/Assets
GfxDevice: creating device client; threaded=0
Direct3D:
    Version:  Direct3D 11.0 [level 11.1]
    Renderer: NVIDIA GeForce GTX 1050 (ID=0x1c8d)
    Vendor:   
    VRAM:     4019 MB
    Driver:   27.21.14.6231
Initialize mono
Mono path[0] = 'C:/Program Files/Unity/Hub/Editor/2020.3.9f1/Editor/Data/Managed'
Mono path[1] = 'C:/Program Files/Unity/Hub/Editor/2020.3.9f1/Editor/Data/MonoBleedingEdge/lib/mono/unityjit'
Mono config path = 'C:/Program Files/Unity/Hub/Editor/2020.3.9f1/Editor/Data/MonoBleedingEdge/etc'
Using monoOptions --debugger-agent=transport=dt_socket,embedding=1,server=y,suspend=n,address=127.0.0.1:56112
Begin MonoManager ReloadAssembly
Registering precompiled unity dll's ...
Register platform support module: C:/Program Files/Unity/Hub/Editor/2020.3.9f1/Editor/Data/PlaybackEngines/WindowsStandaloneSupport/UnityEditor.WindowsStandalone.Extensions.dll
Registered in 0.001360 seconds.
Native extension for WindowsStandalone target not found
Refreshing native plugins compatible for Editor in 24.51 ms, found 0 plugins.
Preloading 0 native plugins for Editor in 0.00 ms.
Mono: successfully reloaded assembly
- Completed reload, in  0.960 seconds
Platform modules already initialized, skipping
Registering precompiled user dll's ...
Registered in 0.000582 seconds.
Begin MonoManager ReloadAssembly
Native extension for WindowsStandalone target not found
Refreshing native plugins compatible for Editor in 0.18 ms, found 0 plugins.
Preloading 0 native plugins for Editor in 0.00 ms.
Mono: successfully reloaded assembly
- Completed reload, in  0.779 seconds
Platform modules already initialized, skipping
========================================================================
Worker process is ready to serve import requests
Launched and connected shader compiler UnityShaderCompiler.exe after 0.04 seconds
Refreshing native plugins compatible for Editor in 0.19 ms, found 0 plugins.
Preloading 0 native plugins for Editor in 0.00 ms.
Unloading 1137 Unused Serialized files (Serialized files now loaded: 0)
System memory in use before: 57.8 MB.
System memory in use after: 57.9 MB.

Unloading 9 unused Assets to reduce memory usage. Loaded Objects now: 1581.
Total: 1.691900 ms (FindLiveObjects: 0.126800 ms CreateObjectMapping: 0.033100 ms MarkObjects: 1.476500 ms  DeleteObjects: 0.054300 ms)

========================================================================
Received Import Request.
  path: Assets/Scripts/AI.cs
  artifactKey: Guid(0d0a9694fea256c4a83566fa58bc8e47) Importer(815301076,1909f56bfc062723c751e8b465ee728b)
Start importing Assets/Scripts/AI.cs using Guid(0d0a9694fea256c4a83566fa58bc8e47) Importer(815301076,1909f56bfc062723c751e8b465ee728b)  -> (artifact id: '0b12be56498bfa572ddbde350cdadb66') in 0.034709 seconds
  Import took 0.038225 seconds .

========================================================================
Received Import Request.
  Time since last request: 16.465039 seconds.
  path: Assets/Scripts/GamePlaySupport/Collectable.cs
  artifactKey: Guid(763ef79b25b35ef4e872b47b131354c2) Importer(815301076,1909f56bfc062723c751e8b465ee728b)
Start importing Assets/Scripts/GamePlaySupport/Collectable.cs using Guid(763ef79b25b35ef4e872b47b131354c2) Importer(815301076,1909f56bfc062723c751e8b465ee728b)  -> (artifact id: '5d8d9c2b8a0a75b4b8318105eea43454') in 0.015108 seconds
  Import took 0.019120 seconds .

========================================================================
Received Import Request.
  Time since last request: 0.020806 seconds.
  path: Assets/Scripts/GamePlaySupport/Collectable.cs
  artifactKey: Guid(763ef79b25b35ef4e872b47b131354c2) Importer(815301076,1909f56bfc062723c751e8b465ee728b)
Start importing Assets/Scripts/GamePlaySupport/Collectable.cs using Guid(763ef79b25b35ef4e872b47b131354c2) Importer(815301076,1909f56bfc062723c751e8b465ee728b)  -> (artifact id: '5d8d9c2b8a0a75b4b8318105eea43454') in 0.006051 seconds
  Import took 0.009341 seconds .

========================================================================
Received Import Request.
  Time since last request: 18.284317 seconds.
  path: Assets/Scripts/GamePlaySupport/AiAgentSpawner.cs
  artifactKey: Guid(9eb5da6d09076934a91d803a4e85a21b) Importer(815301076,1909f56bfc062723c751e8b465ee728b)
Start importing Assets/Scripts/GamePlaySupport/AiAgentSpawner.cs using Guid(9eb5da6d09076934a91d803a4e85a21b) Importer(815301076,1909f56bfc062723c751e8b465ee728b)  -> (artifact id: 'ff34f112a5ed6aa077f04918e0c7ccc2') in 0.014721 seconds
  Import took 0.019610 seconds .

========================================================================
Received Import Request.
  Time since last request: 0.001322 seconds.
  path: Assets/Scripts/GamePlaySupport/AiAgentSpawner.cs
  artifactKey: Guid(9eb5da6d09076934a91d803a4e85a21b) Importer(815301076,1909f56bfc062723c751e8b465ee728b)
Start importing Assets/Scripts/GamePlaySupport/AiAgentSpawner.cs using Guid(9eb5da6d09076934a91d803a4e85a21b) Importer(815301076,1909f56bfc062723c751e8b465ee728b)  -> (artifact id: 'ff34f112a5ed6aa077f04918e0c7ccc2') in 0.004947 seconds
  Import took 0.008653 seconds .

========================================================================
Received Import Request.
  Time since last request: 3.510187 seconds.
  path: Assets/Scripts/GamePlaySupport/IUsable.cs
  artifactKey: Guid(4ad721e4e62dc724e823bec66d32d266) Importer(815301076,1909f56bfc062723c751e8b465ee728b)
Start importing Assets/Scripts/GamePlaySupport/IUsable.cs using Guid(4ad721e4e62dc724e823bec66d32d266) Importer(815301076,1909f56bfc062723c751e8b465ee728b)  -> (artifact id: '31a4dcf10b0995aed79639bf748fb3d4') in 0.011357 seconds
  Import took 0.013992 seconds .

========================================================================
Received Import Request.
  Time since last request: 2.974230 seconds.
  path: Assets/Scripts/GamePlaySupport/ObjectSpawner.cs
  artifactKey: Guid(599648faef220984da0f17c07480bd7b) Importer(815301076,1909f56bfc062723c751e8b465ee728b)
Start importing Assets/Scripts/GamePlaySupport/ObjectSpawner.cs using Guid(599648faef220984da0f17c07480bd7b) Importer(815301076,1909f56bfc062723c751e8b465ee728b)  -> (artifact id: '286cc959275cfc398c691d3d6d77226b') in 0.008774 seconds
  Import took 0.011994 seconds .

========================================================================
Received Import Request.
  Time since last request: 0.000608 seconds.
  path: Assets/Scripts/GamePlaySupport/ObjectSpawner.cs
  artifactKey: Guid(599648faef220984da0f17c07480bd7b) Importer(815301076,1909f56bfc062723c751e8b465ee728b)
Start importing Assets/Scripts/GamePlaySupport/ObjectSpawner.cs using Guid(599648faef220984da0f17c07480bd7b) Importer(815301076,1909f56bfc062723c751e8b465ee728b)  -> (artifact id: '286cc959275cfc398c691d3d6d77226b') in 0.003306 seconds
  Import took 0.006266 seconds .

========================================================================
Received Import Request.
  Time since last request: 2.304331 seconds.
  path: Assets/Scripts/GamePlaySupport/PowerUp.cs
  artifactKey: Guid(7609179b8ec791a44b1def325a4c8fa1) Importer(815301076,1909f56bfc062723c751e8b465ee728b)
Start importing Assets/Scripts/GamePlaySupport/PowerUp.cs using Guid(7609179b8ec791a44b1def325a4c8fa1) Importer(815301076,1909f56bfc062723c751e8b465ee728b)  -> (artifact id: 'caeb5ec6cf1e0717242dbaa7a91208a9') in 0.013229 seconds
  Import took 0.016565 seconds .

========================================================================
Received Import Request.
  Time since last request: 2.728705 seconds.
  path: Assets/Scripts/GamePlaySupport/SetScore.cs
  artifactKey: Guid(420d7b628ee1468478163386269f3177) Importer(815301076,1909f56bfc062723c751e8b465ee728b)
Start importing Assets/Scripts/GamePlaySupport/SetScore.cs using Guid(420d7b628ee1468478163386269f3177) Importer(815301076,1909f56bfc062723c751e8b465ee728b)  -> (artifact id: '81314125b43afe24151836b62d6c0db3') in 0.012670 seconds
  Import took 0.015117 seconds .

========================================================================
Received Import Request.
  Time since last request: 0.002417 seconds.
  path: Assets/Scripts/GamePlaySupport/SetScore.cs
  artifactKey: Guid(420d7b628ee1468478163386269f3177) Importer(815301076,1909f56bfc062723c751e8b465ee728b)
Start importing Assets/Scripts/GamePlaySupport/SetScore.cs using Guid(420d7b628ee1468478163386269f3177) Importer(815301076,1909f56bfc062723c751e8b465ee728b)  -> (artifact id: '81314125b43afe24151836b62d6c0db3') in 0.002981 seconds
  Import took 0.005256 seconds .

========================================================================
Received Import Request.
  Time since last request: 1.643494 seconds.
  path: Assets/Scripts/GamePlaySupport/TeamData.cs
  artifactKey: Guid(d3b85e036cf1a9a4e86c78096057442b) Importer(815301076,1909f56bfc062723c751e8b465ee728b)
Start importing Assets/Scripts/GamePlaySupport/TeamData.cs using Guid(d3b85e036cf1a9a4e86c78096057442b) Importer(815301076,1909f56bfc062723c751e8b465ee728b)  -> (artifact id: '93a8d599f00434ca028e5b117d2631da') in 0.014928 seconds
  Import took 0.018953 seconds .

========================================================================
Received Import Request.
  Time since last request: 0.000892 seconds.
  path: Assets/Scripts/GamePlaySupport/TeamData.cs
  artifactKey: Guid(d3b85e036cf1a9a4e86c78096057442b) Importer(815301076,1909f56bfc062723c751e8b465ee728b)
Start importing Assets/Scripts/GamePlaySupport/TeamData.cs using Guid(d3b85e036cf1a9a4e86c78096057442b) Importer(815301076,1909f56bfc062723c751e8b465ee728b)  -> (artifact id: '93a8d599f00434ca028e5b117d2631da') in 0.004873 seconds
  Import took 0.008020 seconds .

========================================================================
Received Import Request.
  Time since last request: 1.419466 seconds.
  path: Assets/Scripts/GamePlaySupport/HealthKit.cs
  artifactKey: Guid(a7b9808f1d5c4e24b8f753dc3b355d58) Importer(815301076,1909f56bfc062723c751e8b465ee728b)
Start importing Assets/Scripts/GamePlaySupport/HealthKit.cs using Guid(a7b9808f1d5c4e24b8f753dc3b355d58) Importer(815301076,1909f56bfc062723c751e8b465ee728b)  -> (artifact id: '53857f78c284caddb172de67a9dd7205') in 0.012423 seconds
  Import took 0.015255 seconds .

========================================================================
Received Import Request.
  Time since last request: 0.937071 seconds.
  path: Assets/Scripts/GamePlaySupport/Flag.cs
  artifactKey: Guid(0bbec80462ada154c8e2ad4d3adfef15) Importer(815301076,1909f56bfc062723c751e8b465ee728b)
Start importing Assets/Scripts/GamePlaySupport/Flag.cs using Guid(0bbec80462ada154c8e2ad4d3adfef15) Importer(815301076,1909f56bfc062723c751e8b465ee728b)  -> (artifact id: '4526949621299196bf260aa15904098a') in 0.012094 seconds
  Import took 0.015069 seconds .

========================================================================
Received Import Request.
  Time since last request: 0.005466 seconds.
  path: Assets/Scripts/GamePlaySupport/Flag.cs
  artifactKey: Guid(0bbec80462ada154c8e2ad4d3adfef15) Importer(815301076,1909f56bfc062723c751e8b465ee728b)
Start importing Assets/Scripts/GamePlaySupport/Flag.cs using Guid(0bbec80462ada154c8e2ad4d3adfef15) Importer(815301076,1909f56bfc062723c751e8b465ee728b)  -> (artifact id: '4526949621299196bf260aa15904098a') in 0.005859 seconds
  Import took 0.008257 seconds .

========================================================================
Received Import Request.
  Time since last request: 949.826644 seconds.
  path: Assets/Scripts
  artifactKey: Guid(e090459aaa917994f97d1cc0560371a0) Importer(815301076,1909f56bfc062723c751e8b465ee728b)
Start importing Assets/Scripts using Guid(e090459aaa917994f97d1cc0560371a0) Importer(815301076,1909f56bfc062723c751e8b465ee728b)  -> (artifact id: 'a5c51fb5a98dff5c1cb03cf1ebfa3fc0') in 0.011600 seconds
  Import took 0.015177 seconds .

========================================================================
Received Import Request.
  Time since last request: 5.106794 seconds.
  path: Assets/Scripts/BehaviourTree
  artifactKey: Guid(fcfd9422a33d4cc43860240030b8d394) Importer(815301076,1909f56bfc062723c751e8b465ee728b)
Start importing Assets/Scripts/BehaviourTree using Guid(fcfd9422a33d4cc43860240030b8d394) Importer(815301076,1909f56bfc062723c751e8b465ee728b)  -> (artifact id: 'c9dcb24035109777a952f4473b781a23') in 0.012304 seconds
  Import took 0.015094 seconds .

========================================================================
Received Import Request.
  Time since last request: 0.005489 seconds.
  path: Assets/Scripts/BehaviourTree
  artifactKey: Guid(fcfd9422a33d4cc43860240030b8d394) Importer(815301076,1909f56bfc062723c751e8b465ee728b)
Start importing Assets/Scripts/BehaviourTree using Guid(fcfd9422a33d4cc43860240030b8d394) Importer(815301076,1909f56bfc062723c751e8b465ee728b)  -> (artifact id: 'c9dcb24035109777a952f4473b781a23') in 0.005960 seconds
  Import took 0.008506 seconds .

========================================================================
Received Import Request.
  Time since last request: 6.003090 seconds.
  path: Assets/Scripts/BehaviourTree/Node.cs
  artifactKey: Guid(bed1e84a2e25c0541ae79e49443df3f3) Importer(815301076,1909f56bfc062723c751e8b465ee728b)
Start importing Assets/Scripts/BehaviourTree/Node.cs using Guid(bed1e84a2e25c0541ae79e49443df3f3) Importer(815301076,1909f56bfc062723c751e8b465ee728b)  -> (artifact id: '82693024a39f306b140445d047b334d2') in 0.012211 seconds
  Import took 0.014446 seconds .

========================================================================
Received Prepare
Registering precompiled user dll's ...
Registered in 0.001035 seconds.
Begin MonoManager ReloadAssembly
Native extension for WindowsStandalone target not found
Refreshing native plugins compatible for Editor in 0.20 ms, found 0 plugins.
Preloading 0 native plugins for Editor in 0.00 ms.
Mono: successfully reloaded assembly
- Completed reload, in  1.229 seconds
Platform modules already initialized, skipping
Refreshing native plugins compatible for Editor in 0.19 ms, found 0 plugins.
Preloading 0 native plugins for Editor in 0.00 ms.
Unloading 1132 Unused Serialized files (Serialized files now loaded: 0)
System memory in use before: 57.6 MB.
System memory in use after: 57.7 MB.

Unloading 4 unused Assets to reduce memory usage. Loaded Objects now: 1585.
Total: 1.823100 ms (FindLiveObjects: 0.423700 ms CreateObjectMapping: 0.039700 ms MarkObjects: 1.336600 ms  DeleteObjects: 0.018900 ms)

========================================================================
Received Prepare
Registering precompiled user dll's ...
Registered in 0.000617 seconds.
Begin MonoManager ReloadAssembly
Native extension for WindowsStandalone target not found
Refreshing native plugins compatible for Editor in 0.21 ms, found 0 plugins.
Preloading 0 native plugins for Editor in 0.00 ms.
Mono: successfully reloaded assembly
- Completed reload, in  0.781 seconds
Platform modules already initialized, skipping
Refreshing native plugins compatible for Editor in 0.19 ms, found 0 plugins.
Preloading 0 native plugins for Editor in 0.00 ms.
Unloading 1132 Unused Serialized files (Serialized files now loaded: 0)
System memory in use before: 57.6 MB.
System memory in use after: 57.7 MB.

Unloading 4 unused Assets to reduce memory usage. Loaded Objects now: 1588.
Total: 1.577100 ms (FindLiveObjects: 0.122700 ms CreateObjectMapping: 0.029900 ms MarkObjects: 1.411600 ms  DeleteObjects: 0.011800 ms)

========================================================================
Received Import Request.
  Time since last request: 148.645004 seconds.
  path: Assets/Scripts/BehaviourTree/Node.cs
  artifactKey: Guid(bed1e84a2e25c0541ae79e49443df3f3) Importer(815301076,1909f56bfc062723c751e8b465ee728b)
Start importing Assets/Scripts/BehaviourTree/Node.cs using Guid(bed1e84a2e25c0541ae79e49443df3f3) Importer(815301076,1909f56bfc062723c751e8b465ee728b)  -> (artifact id: '2d10d1a2689134c4e5d33675628d77ca') in 0.004639 seconds
  Import took 0.006736 seconds .

========================================================================
Received Import Request.
  Time since last request: 4.121768 seconds.
  path: Assets/Scripts/BehaviourTree/Sequence.cs
  artifactKey: Guid(63c559a8476e0ce43907f5f31f9ffc26) Importer(815301076,1909f56bfc062723c751e8b465ee728b)
Start importing Assets/Scripts/BehaviourTree/Sequence.cs using Guid(63c559a8476e0ce43907f5f31f9ffc26) Importer(815301076,1909f56bfc062723c751e8b465ee728b)  -> (artifact id: '725be1d0dd205cb24219ba3d9d80ff11') in 0.011586 seconds
  Import took 0.015925 seconds .

========================================================================
Received Prepare
Registering precompiled user dll's ...
Registered in 0.000953 seconds.
Begin MonoManager ReloadAssembly
Native extension for WindowsStandalone target not found
Refreshing native plugins compatible for Editor in 0.20 ms, found 0 plugins.
Preloading 0 native plugins for Editor in 0.00 ms.
Mono: successfully reloaded assembly
- Completed reload, in  0.912 seconds
Platform modules already initialized, skipping
Refreshing native plugins compatible for Editor in 0.23 ms, found 0 plugins.
Preloading 0 native plugins for Editor in 0.00 ms.
Unloading 1133 Unused Serialized files (Serialized files now loaded: 0)
System memory in use before: 57.6 MB.
System memory in use after: 57.7 MB.

Unloading 4 unused Assets to reduce memory usage. Loaded Objects now: 1592.
Total: 1.515600 ms (FindLiveObjects: 0.135200 ms CreateObjectMapping: 0.036600 ms MarkObjects: 1.329400 ms  DeleteObjects: 0.013200 ms)

========================================================================
Received Prepare
Registering precompiled user dll's ...
Registered in 0.001335 seconds.
Begin MonoManager ReloadAssembly
Native extension for WindowsStandalone target not found
Refreshing native plugins compatible for Editor in 0.24 ms, found 0 plugins.
Preloading 0 native plugins for Editor in 0.00 ms.
Mono: successfully reloaded assembly
- Completed reload, in  0.805 seconds
Platform modules already initialized, skipping
Refreshing native plugins compatible for Editor in 0.19 ms, found 0 plugins.
Preloading 0 native plugins for Editor in 0.00 ms.
Unloading 1133 Unused Serialized files (Serialized files now loaded: 0)
System memory in use before: 57.6 MB.
System memory in use after: 57.7 MB.

Unloading 4 unused Assets to reduce memory usage. Loaded Objects now: 1595.
Total: 6.554100 ms (FindLiveObjects: 0.126800 ms CreateObjectMapping: 0.030700 ms MarkObjects: 6.372900 ms  DeleteObjects: 0.022400 ms)

========================================================================
Received Import Request.
  Time since last request: 212.006130 seconds.
  path: Assets/Scripts/BehaviourTree/Node.cs
  artifactKey: Guid(bed1e84a2e25c0541ae79e49443df3f3) Importer(815301076,1909f56bfc062723c751e8b465ee728b)
Start importing Assets/Scripts/BehaviourTree/Node.cs using Guid(bed1e84a2e25c0541ae79e49443df3f3) Importer(815301076,1909f56bfc062723c751e8b465ee728b)  -> (artifact id: '3a3720bf5516f1f48e1991cc32037120') in 0.006117 seconds
  Import took 0.008537 seconds .

========================================================================
Received Prepare
Registering precompiled user dll's ...
Registered in 0.000534 seconds.
Begin MonoManager ReloadAssembly
Native extension for WindowsStandalone target not found
Refreshing native plugins compatible for Editor in 0.19 ms, found 0 plugins.
Preloading 0 native plugins for Editor in 0.00 ms.
Mono: successfully reloaded assembly
- Completed reload, in  0.765 seconds
Platform modules already initialized, skipping
Refreshing native plugins compatible for Editor in 0.21 ms, found 0 plugins.
Preloading 0 native plugins for Editor in 0.00 ms.
Unloading 1133 Unused Serialized files (Serialized files now loaded: 0)
System memory in use before: 57.6 MB.
System memory in use after: 57.7 MB.

Unloading 4 unused Assets to reduce memory usage. Loaded Objects now: 1598.
Total: 1.845100 ms (FindLiveObjects: 0.299200 ms CreateObjectMapping: 0.052000 ms MarkObjects: 1.481000 ms  DeleteObjects: 0.012300 ms)

========================================================================
Received Import Request.
  Time since last request: 76.708071 seconds.
  path: Assets/Scripts/BehaviourTree/Sequence.cs
  artifactKey: Guid(63c559a8476e0ce43907f5f31f9ffc26) Importer(815301076,1909f56bfc062723c751e8b465ee728b)
Start importing Assets/Scripts/BehaviourTree/Sequence.cs using Guid(63c559a8476e0ce43907f5f31f9ffc26) Importer(815301076,1909f56bfc062723c751e8b465ee728b)  -> (artifact id: '8ab70c2b1dda8b2c786816b1e0edc87a') in 0.005949 seconds
  Import took 0.008387 seconds .

========================================================================
Received Import Request.
  Time since last request: 8.267677 seconds.
  path: Assets/Scripts/BehaviourTree/Selector.cs
  artifactKey: Guid(e6ffa3004701a5f4c8fda86cb867e625) Importer(815301076,1909f56bfc062723c751e8b465ee728b)
Start importing Assets/Scripts/BehaviourTree/Selector.cs using Guid(e6ffa3004701a5f4c8fda86cb867e625) Importer(815301076,1909f56bfc062723c751e8b465ee728b)  -> (artifact id: '84f22a6b88a78e9bfa51ef8d1cbcda20') in 0.013862 seconds
  Import took 0.016090 seconds .

========================================================================
Received Prepare
Registering precompiled user dll's ...
Registered in 0.001137 seconds.
Begin MonoManager ReloadAssembly
Native extension for WindowsStandalone target not found
Refreshing native plugins compatible for Editor in 0.22 ms, found 0 plugins.
Preloading 0 native plugins for Editor in 0.00 ms.
Mono: successfully reloaded assembly
- Completed reload, in  0.875 seconds
Platform modules already initialized, skipping
Refreshing native plugins compatible for Editor in 0.22 ms, found 0 plugins.
Preloading 0 native plugins for Editor in 0.00 ms.
Unloading 1134 Unused Serialized files (Serialized files now loaded: 0)
System memory in use before: 57.7 MB.
System memory in use after: 57.8 MB.

Unloading 4 unused Assets to reduce memory usage. Loaded Objects now: 1602.
Total: 1.563600 ms (FindLiveObjects: 0.127600 ms CreateObjectMapping: 0.036700 ms MarkObjects: 1.382800 ms  DeleteObjects: 0.015300 ms)

========================================================================
Received Prepare
Registering precompiled user dll's ...
Registered in 0.000639 seconds.
Begin MonoManager ReloadAssembly
Native extension for WindowsStandalone target not found
Refreshing native plugins compatible for Editor in 0.19 ms, found 0 plugins.
Preloading 0 native plugins for Editor in 0.00 ms.
Mono: successfully reloaded assembly
- Completed reload, in  0.723 seconds
Platform modules already initialized, skipping
Refreshing native plugins compatible for Editor in 0.20 ms, found 0 plugins.
Preloading 0 native plugins for Editor in 0.00 ms.
Unloading 1134 Unused Serialized files (Serialized files now loaded: 0)
System memory in use before: 57.7 MB.
System memory in use after: 57.8 MB.

Unloading 4 unused Assets to reduce memory usage. Loaded Objects now: 1605.
Total: 1.559900 ms (FindLiveObjects: 0.123900 ms CreateObjectMapping: 0.028000 ms MarkObjects: 1.393800 ms  DeleteObjects: 0.013500 ms)

========================================================================
Received Import Request.
  Time since last request: 200.489631 seconds.
  path: Assets/Scripts/BehaviourTree/Selector.cs
  artifactKey: Guid(e6ffa3004701a5f4c8fda86cb867e625) Importer(815301076,1909f56bfc062723c751e8b465ee728b)
Start importing Assets/Scripts/BehaviourTree/Selector.cs using Guid(e6ffa3004701a5f4c8fda86cb867e625) Importer(815301076,1909f56bfc062723c751e8b465ee728b)  -> (artifact id: '78b4d35c31cf7a7df5b211cf4b26ffcf') in 0.005248 seconds
  Import took 0.007771 seconds .

========================================================================
Received Import Request.
  Time since last request: 4.696248 seconds.
  path: Assets/Scripts/BehaviourTree/Nodes.cs
  artifactKey: Guid(8be984d03601d0f4289a922790e627bd) Importer(815301076,1909f56bfc062723c751e8b465ee728b)
Start importing Assets/Scripts/BehaviourTree/Nodes.cs using Guid(8be984d03601d0f4289a922790e627bd) Importer(815301076,1909f56bfc062723c751e8b465ee728b)  -> (artifact id: '68e70922fa107f2d2f7246fa215c217e') in 0.015507 seconds
  Import took 0.018625 seconds .

========================================================================
Received Import Request.
  Time since last request: 0.005615 seconds.
  path: Assets/Scripts/BehaviourTree/Nodes.cs
  artifactKey: Guid(8be984d03601d0f4289a922790e627bd) Importer(815301076,1909f56bfc062723c751e8b465ee728b)
Start importing Assets/Scripts/BehaviourTree/Nodes.cs using Guid(8be984d03601d0f4289a922790e627bd) Importer(815301076,1909f56bfc062723c751e8b465ee728b)  -> (artifact id: '68e70922fa107f2d2f7246fa215c217e') in 0.008284 seconds
  Import took 0.011661 seconds .

========================================================================
Received Prepare
Registering precompiled user dll's ...
Registered in 0.000558 seconds.
Begin MonoManager ReloadAssembly
Native extension for WindowsStandalone target not found
Refreshing native plugins compatible for Editor in 0.21 ms, found 0 plugins.
Preloading 0 native plugins for Editor in 0.00 ms.
Mono: successfully reloaded assembly
- Completed reload, in  0.868 seconds
Platform modules already initialized, skipping
Refreshing native plugins compatible for Editor in 0.19 ms, found 0 plugins.
Preloading 0 native plugins for Editor in 0.00 ms.
Unloading 1135 Unused Serialized files (Serialized files now loaded: 0)
System memory in use before: 57.7 MB.
System memory in use after: 57.8 MB.

Unloading 4 unused Assets to reduce memory usage. Loaded Objects now: 1609.
Total: 1.735200 ms (FindLiveObjects: 0.119700 ms CreateObjectMapping: 0.029000 ms MarkObjects: 1.573900 ms  DeleteObjects: 0.011700 ms)

========================================================================
Received Prepare
Registering precompiled user dll's ...
Registered in 0.000609 seconds.
Begin MonoManager ReloadAssembly
Native extension for WindowsStandalone target not found
Refreshing native plugins compatible for Editor in 0.19 ms, found 0 plugins.
Preloading 0 native plugins for Editor in 0.00 ms.
Mono: successfully reloaded assembly
- Completed reload, in  0.856 seconds
Platform modules already initialized, skipping
Refreshing native plugins compatible for Editor in 0.19 ms, found 0 plugins.
Preloading 0 native plugins for Editor in 0.00 ms.
Unloading 1135 Unused Serialized files (Serialized files now loaded: 0)
System memory in use before: 57.7 MB.
System memory in use after: 57.8 MB.

Unloading 4 unused Assets to reduce memory usage. Loaded Objects now: 1612.
Total: 1.883100 ms (FindLiveObjects: 0.207800 ms CreateObjectMapping: 0.061900 ms MarkObjects: 1.596100 ms  DeleteObjects: 0.016300 ms)

========================================================================
Received Prepare
Registering precompiled user dll's ...
Registered in 0.000598 seconds.
Begin MonoManager ReloadAssembly
Native extension for WindowsStandalone target not found
Refreshing native plugins compatible for Editor in 0.19 ms, found 0 plugins.
Preloading 0 native plugins for Editor in 0.00 ms.
Mono: successfully reloaded assembly
- Completed reload, in  0.758 seconds
Platform modules already initialized, skipping
Refreshing native plugins compatible for Editor in 0.19 ms, found 0 plugins.
Preloading 0 native plugins for Editor in 0.00 ms.
Unloading 1135 Unused Serialized files (Serialized files now loaded: 0)
System memory in use before: 57.7 MB.
System memory in use after: 57.8 MB.

Unloading 4 unused Assets to reduce memory usage. Loaded Objects now: 1615.
Total: 1.604700 ms (FindLiveObjects: 0.127100 ms CreateObjectMapping: 0.030700 ms MarkObjects: 1.433900 ms  DeleteObjects: 0.012200 ms)

========================================================================
Received Import Request.
  Time since last request: 976.563534 seconds.
  path: Assets/Scripts/AI Support/AgentActions.cs
  artifactKey: Guid(243acd279844b894dbd103c2da44b465) Importer(815301076,1909f56bfc062723c751e8b465ee728b)
Start importing Assets/Scripts/AI Support/AgentActions.cs using Guid(243acd279844b894dbd103c2da44b465) Importer(815301076,1909f56bfc062723c751e8b465ee728b)  -> (artifact id: '89e91e325b07126fbaa9cb129d69995f') in 0.014006 seconds
  Import took 0.016035 seconds .

========================================================================
Received Import Request.
  Time since last request: 0.033558 seconds.
  path: Assets/Scripts/AI Support/AgentActions.cs
  artifactKey: Guid(243acd279844b894dbd103c2da44b465) Importer(815301076,1909f56bfc062723c751e8b465ee728b)
Start importing Assets/Scripts/AI Support/AgentActions.cs using Guid(243acd279844b894dbd103c2da44b465) Importer(815301076,1909f56bfc062723c751e8b465ee728b)  -> (artifact id: '89e91e325b07126fbaa9cb129d69995f') in 0.003779 seconds
  Import took 0.006080 seconds .

========================================================================
Received Prepare
Registering precompiled user dll's ...
Registered in 0.000656 seconds.
Begin MonoManager ReloadAssembly
Native extension for WindowsStandalone target not found
Refreshing native plugins compatible for Editor in 0.20 ms, found 0 plugins.
Preloading 0 native plugins for Editor in 0.00 ms.
Mono: successfully reloaded assembly
- Completed reload, in  0.778 seconds
Platform modules already initialized, skipping
Refreshing native plugins compatible for Editor in 0.20 ms, found 0 plugins.
Preloading 0 native plugins for Editor in 0.00 ms.
Unloading 1135 Unused Serialized files (Serialized files now loaded: 0)
System memory in use before: 57.7 MB.
System memory in use after: 57.8 MB.

Unloading 4 unused Assets to reduce memory usage. Loaded Objects now: 1618.
Total: 1.807900 ms (FindLiveObjects: 0.124500 ms CreateObjectMapping: 0.029600 ms MarkObjects: 1.638800 ms  DeleteObjects: 0.014100 ms)

========================================================================
Received Import Request.
  Time since last request: 356.788973 seconds.
  path: Assets/Scripts/Blackboards
  artifactKey: Guid(7ad71c28bd3c8214596e64996706433f) Importer(815301076,1909f56bfc062723c751e8b465ee728b)
Start importing Assets/Scripts/Blackboards using Guid(7ad71c28bd3c8214596e64996706433f) Importer(815301076,1909f56bfc062723c751e8b465ee728b)  -> (artifact id: 'eb422ec273e5af0fd7b2afbd234d7884') in 0.013674 seconds
  Import took 0.016280 seconds .

========================================================================
Received Import Request.
  Time since last request: 8.266632 seconds.
  path: Assets/Scripts/Blackboards/WorldBlackboard.cs
  artifactKey: Guid(56049c7a04bc52b47850dbac16a82b17) Importer(815301076,1909f56bfc062723c751e8b465ee728b)
Start importing Assets/Scripts/Blackboards/WorldBlackboard.cs using Guid(56049c7a04bc52b47850dbac16a82b17) Importer(815301076,1909f56bfc062723c751e8b465ee728b)  -> (artifact id: '6e268f79cf49380ff672158c914589fd') in 0.014271 seconds
  Import took 0.016713 seconds .

========================================================================
Received Import Request.
  Time since last request: 0.003263 seconds.
  path: Assets/Scripts/Blackboards/WorldBlackboard.cs
  artifactKey: Guid(56049c7a04bc52b47850dbac16a82b17) Importer(815301076,1909f56bfc062723c751e8b465ee728b)
Start importing Assets/Scripts/Blackboards/WorldBlackboard.cs using Guid(56049c7a04bc52b47850dbac16a82b17) Importer(815301076,1909f56bfc062723c751e8b465ee728b)  -> (artifact id: '6e268f79cf49380ff672158c914589fd') in 0.004009 seconds
  Import took 0.008732 seconds .

========================================================================
Received Prepare
Registering precompiled user dll's ...
Registered in 0.000610 seconds.
Begin MonoManager ReloadAssembly
Native extension for WindowsStandalone target not found
Refreshing native plugins compatible for Editor in 0.19 ms, found 0 plugins.
Preloading 0 native plugins for Editor in 0.00 ms.
Mono: successfully reloaded assembly
- Completed reload, in  0.821 seconds
Platform modules already initialized, skipping
Refreshing native plugins compatible for Editor in 0.22 ms, found 0 plugins.
Preloading 0 native plugins for Editor in 0.00 ms.
Unloading 1136 Unused Serialized files (Serialized files now loaded: 0)
System memory in use before: 57.8 MB.
System memory in use after: 57.9 MB.

Unloading 4 unused Assets to reduce memory usage. Loaded Objects now: 1622.
Total: 2.037000 ms (FindLiveObjects: 0.260200 ms CreateObjectMapping: 0.052400 ms MarkObjects: 1.703100 ms  DeleteObjects: 0.019900 ms)

========================================================================
Received Import Request.
  Time since last request: 13.279757 seconds.
  path: Assets/Scripts/Blackboards/TeamBlackboard.cs
  artifactKey: Guid(837c333cfa08b66409b935952157b72a) Importer(815301076,1909f56bfc062723c751e8b465ee728b)
Start importing Assets/Scripts/Blackboards/TeamBlackboard.cs using Guid(837c333cfa08b66409b935952157b72a) Importer(815301076,1909f56bfc062723c751e8b465ee728b)  -> (artifact id: '7dc3ea52131a54789b861707a25f180b') in 0.015576 seconds
  Import took 0.017925 seconds .

========================================================================
Received Prepare
Registering precompiled user dll's ...
Registered in 0.000788 seconds.
Begin MonoManager ReloadAssembly
Native extension for WindowsStandalone target not found
Refreshing native plugins compatible for Editor in 0.23 ms, found 0 plugins.
Preloading 0 native plugins for Editor in 0.00 ms.
Mono: successfully reloaded assembly
- Completed reload, in  0.943 seconds
Platform modules already initialized, skipping
Refreshing native plugins compatible for Editor in 0.25 ms, found 0 plugins.
Preloading 0 native plugins for Editor in 0.00 ms.
Unloading 1137 Unused Serialized files (Serialized files now loaded: 0)
System memory in use before: 57.8 MB.
System memory in use after: 57.9 MB.

Unloading 4 unused Assets to reduce memory usage. Loaded Objects now: 1626.
Total: 1.588400 ms (FindLiveObjects: 0.123300 ms CreateObjectMapping: 0.032500 ms MarkObjects: 1.418400 ms  DeleteObjects: 0.012800 ms)

========================================================================
Received Import Request.
  Time since last request: 135.087805 seconds.
  path: Assets/Scripts/BehaviourTree/Nodes.cs
  artifactKey: Guid(8be984d03601d0f4289a922790e627bd) Importer(815301076,1909f56bfc062723c751e8b465ee728b)
Start importing Assets/Scripts/BehaviourTree/Nodes.cs using Guid(8be984d03601d0f4289a922790e627bd) Importer(815301076,1909f56bfc062723c751e8b465ee728b)  -> (artifact id: 'f49c370d54f389ec0aa035022da6289d') in 0.006608 seconds
  Import took 0.010968 seconds .

========================================================================
Received Import Request.
  Time since last request: 0.004784 seconds.
  path: Assets/Scripts/BehaviourTree/Nodes.cs
  artifactKey: Guid(8be984d03601d0f4289a922790e627bd) Importer(815301076,1909f56bfc062723c751e8b465ee728b)
Start importing Assets/Scripts/BehaviourTree/Nodes.cs using Guid(8be984d03601d0f4289a922790e627bd) Importer(815301076,1909f56bfc062723c751e8b465ee728b)  -> (artifact id: 'f49c370d54f389ec0aa035022da6289d') in 0.003203 seconds
  Import took 0.005557 seconds .

========================================================================
Received Prepare
Registering precompiled user dll's ...
Registered in 0.000626 seconds.
Begin MonoManager ReloadAssembly
Native extension for WindowsStandalone target not found
Refreshing native plugins compatible for Editor in 0.19 ms, found 0 plugins.
Preloading 0 native plugins for Editor in 0.00 ms.
Mono: successfully reloaded assembly
- Completed reload, in  0.805 seconds
Platform modules already initialized, skipping
Refreshing native plugins compatible for Editor in 0.19 ms, found 0 plugins.
Preloading 0 native plugins for Editor in 0.00 ms.
Unloading 1137 Unused Serialized files (Serialized files now loaded: 0)
System memory in use before: 57.8 MB.
System memory in use after: 57.9 MB.

Unloading 4 unused Assets to reduce memory usage. Loaded Objects now: 1629.
Total: 1.847200 ms (FindLiveObjects: 0.243000 ms CreateObjectMapping: 0.042700 ms MarkObjects: 1.546900 ms  DeleteObjects: 0.013300 ms)

========================================================================
Received Prepare
Registering precompiled user dll's ...
Registered in 0.001334 seconds.
Begin MonoManager ReloadAssembly
Native extension for WindowsStandalone target not found
Refreshing native plugins compatible for Editor in 0.29 ms, found 0 plugins.
Preloading 0 native plugins for Editor in 0.00 ms.
Mono: successfully reloaded assembly
- Completed reload, in  0.787 seconds
Platform modules already initialized, skipping
Refreshing native plugins compatible for Editor in 0.22 ms, found 0 plugins.
Preloading 0 native plugins for Editor in 0.00 ms.
Unloading 1137 Unused Serialized files (Serialized files now loaded: 0)
System memory in use before: 57.8 MB.
System memory in use after: 57.9 MB.

Unloading 4 unused Assets to reduce memory usage. Loaded Objects now: 1632.
Total: 1.557200 ms (FindLiveObjects: 0.124300 ms CreateObjectMapping: 0.031200 ms MarkObjects: 1.388900 ms  DeleteObjects: 0.012100 ms)

========================================================================
Received Import Request.
  Time since last request: 747.625408 seconds.
  path: Assets/Scripts/AI Support/Sensing.cs
  artifactKey: Guid(b650515b3e0ca2746a16627c31e37b9a) Importer(815301076,1909f56bfc062723c751e8b465ee728b)
Start importing Assets/Scripts/AI Support/Sensing.cs using Guid(b650515b3e0ca2746a16627c31e37b9a) Importer(815301076,1909f56bfc062723c751e8b465ee728b)  -> (artifact id: '4bd0fdf3b84dc15bf37e879706c926cc') in 0.013638 seconds
  Import took 0.017924 seconds .

========================================================================
Received Import Request.
  Time since last request: 0.001878 seconds.
  path: Assets/Scripts/AI Support/Sensing.cs
  artifactKey: Guid(b650515b3e0ca2746a16627c31e37b9a) Importer(815301076,1909f56bfc062723c751e8b465ee728b)
Start importing Assets/Scripts/AI Support/Sensing.cs using Guid(b650515b3e0ca2746a16627c31e37b9a) Importer(815301076,1909f56bfc062723c751e8b465ee728b)  -> (artifact id: '4bd0fdf3b84dc15bf37e879706c926cc') in 0.004147 seconds
  Import took 0.006373 seconds .

========================================================================
Received Prepare
Registering precompiled user dll's ...
Registered in 0.000733 seconds.
Begin MonoManager ReloadAssembly
Native extension for WindowsStandalone target not found
Refreshing native plugins compatible for Editor in 0.19 ms, found 0 plugins.
Preloading 0 native plugins for Editor in 0.00 ms.
Mono: successfully reloaded assembly
- Completed reload, in  0.798 seconds
Platform modules already initialized, skipping
Refreshing native plugins compatible for Editor in 0.20 ms, found 0 plugins.
Preloading 0 native plugins for Editor in 0.00 ms.
Unloading 1137 Unused Serialized files (Serialized files now loaded: 0)
System memory in use before: 57.8 MB.
System memory in use after: 57.9 MB.

Unloading 4 unused Assets to reduce memory usage. Loaded Objects now: 1635.
Total: 1.651600 ms (FindLiveObjects: 0.173200 ms CreateObjectMapping: 0.049200 ms MarkObjects: 1.416200 ms  DeleteObjects: 0.012200 ms)

========================================================================
Received Prepare
Registering precompiled user dll's ...
Registered in 0.000734 seconds.
Begin MonoManager ReloadAssembly
Native extension for WindowsStandalone target not found
Refreshing native plugins compatible for Editor in 0.19 ms, found 0 plugins.
Preloading 0 native plugins for Editor in 0.00 ms.
Mono: successfully reloaded assembly
- Completed reload, in  0.802 seconds
Platform modules already initialized, skipping
Refreshing native plugins compatible for Editor in 0.21 ms, found 0 plugins.
Preloading 0 native plugins for Editor in 0.00 ms.
Unloading 1137 Unused Serialized files (Serialized files now loaded: 0)
System memory in use before: 57.8 MB.
System memory in use after: 57.9 MB.

Unloading 4 unused Assets to reduce memory usage. Loaded Objects now: 1638.
Total: 1.598700 ms (FindLiveObjects: 0.125300 ms CreateObjectMapping: 0.029500 ms MarkObjects: 1.431400 ms  DeleteObjects: 0.011700 ms)

