Using pre-set license
Built from '2020.3/staging' branch; Version is '2020.3.9f1 (108be757e447) revision 1084391'; Using compiler version '192528614'; Build Type 'Release'
OS: 'Windows 10 Home; OS build 22000.318; Version 2009; 64bit' Language: 'en' Physical Memory: 8052 MB
BatchMode: 1, IsHumanControllingUs: 0, StartBugReporterOnCrash: 0, Is64bit: 1, IsPro: 0

 COMMAND LINE ARGUMENTS:
C:\Program Files\Unity\Hub\Editor\2020.3.9f1\Editor\Unity.exe
-adb2
-batchMode
-noUpm
-name
AssetImportWorker0
-projectPath
C:/Users/Domin/OneDrive/Documents/GitHub/AI/DAC619_AE1
-logFile
Logs/AssetImportWorker0.log
-srvPort
60162
Successfully changed project path to: C:/Users/Domin/OneDrive/Documents/GitHub/AI/DAC619_AE1
C:/Users/Domin/OneDrive/Documents/GitHub/AI/DAC619_AE1
Using Asset Import Pipeline V2.
Refreshing native plugins compatible for Editor in 27.06 ms, found 0 plugins.
Preloading 0 native plugins for Editor in 0.00 ms.
Initialize engine version: 2020.3.9f1 (108be757e447)
[Subsystems] Discovering subsystems at path C:/Program Files/Unity/Hub/Editor/2020.3.9f1/Editor/Data/Resources/UnitySubsystems
[Subsystems] Discovering subsystems at path C:/Users/Domin/OneDrive/Documents/GitHub/AI/DAC619_AE1/Assets
GfxDevice: creating device client; threaded=0
Direct3D:
    Version:  Direct3D 11.0 [level 11.1]
    Renderer: NVIDIA GeForce GTX 1050 (ID=0x1c8d)
    Vendor:   
    VRAM:     4019 MB
    Driver:   27.21.14.6231
Initialize mono
Mono path[0] = 'C:/Program Files/Unity/Hub/Editor/2020.3.9f1/Editor/Data/Managed'
Mono path[1] = 'C:/Program Files/Unity/Hub/Editor/2020.3.9f1/Editor/Data/MonoBleedingEdge/lib/mono/unityjit'
Mono config path = 'C:/Program Files/Unity/Hub/Editor/2020.3.9f1/Editor/Data/MonoBleedingEdge/etc'
Using monoOptions --debugger-agent=transport=dt_socket,embedding=1,server=y,suspend=n,address=127.0.0.1:56324
Begin MonoManager ReloadAssembly
Registering precompiled unity dll's ...
Register platform support module: C:/Program Files/Unity/Hub/Editor/2020.3.9f1/Editor/Data/PlaybackEngines/WindowsStandaloneSupport/UnityEditor.WindowsStandalone.Extensions.dll
Registered in 0.001366 seconds.
Native extension for WindowsStandalone target not found
Refreshing native plugins compatible for Editor in 26.78 ms, found 0 plugins.
Preloading 0 native plugins for Editor in 0.00 ms.
Mono: successfully reloaded assembly
- Completed reload, in  1.049 seconds
Platform modules already initialized, skipping
Registering precompiled user dll's ...
Registered in 0.002337 seconds.
Begin MonoManager ReloadAssembly
Native extension for WindowsStandalone target not found
Refreshing native plugins compatible for Editor in 0.24 ms, found 0 plugins.
Preloading 0 native plugins for Editor in 0.00 ms.
Mono: successfully reloaded assembly
- Completed reload, in  1.014 seconds
Platform modules already initialized, skipping
========================================================================
Worker process is ready to serve import requests
Launched and connected shader compiler UnityShaderCompiler.exe after 0.06 seconds
Refreshing native plugins compatible for Editor in 0.26 ms, found 0 plugins.
Preloading 0 native plugins for Editor in 0.00 ms.
Unloading 1143 Unused Serialized files (Serialized files now loaded: 0)
System memory in use before: 57.9 MB.
System memory in use after: 58.0 MB.

Unloading 9 unused Assets to reduce memory usage. Loaded Objects now: 1587.
Total: 1.574900 ms (FindLiveObjects: 0.152500 ms CreateObjectMapping: 0.042700 ms MarkObjects: 1.319700 ms  DeleteObjects: 0.059000 ms)

========================================================================
Received Import Request.
  path: Assets/AIAssignmentScene/NavMesh.asset
  artifactKey: Guid(dc5422a891ce52541ac119d00aa28f5d) Importer(815301076,1909f56bfc062723c751e8b465ee728b)
Start importing Assets/AIAssignmentScene/NavMesh.asset using Guid(dc5422a891ce52541ac119d00aa28f5d) Importer(815301076,1909f56bfc062723c751e8b465ee728b)  -> (artifact id: '390300e54b3ce9519a0db244736967c8') in 0.051016 seconds
  Import took 0.055549 seconds .

========================================================================
Received Import Request.
  Time since last request: 0.000252 seconds.
  path: Assets/Scripts/AI.cs
  artifactKey: Guid(0d0a9694fea256c4a83566fa58bc8e47) Importer(815301076,1909f56bfc062723c751e8b465ee728b)
Start importing Assets/Scripts/AI.cs using Guid(0d0a9694fea256c4a83566fa58bc8e47) Importer(815301076,1909f56bfc062723c751e8b465ee728b)  -> (artifact id: '3a64942817809b53b98d4a5c008bc2e9') in 0.011898 seconds
  Import took 0.014055 seconds .

========================================================================
Received Import Request.
  Time since last request: 137.054764 seconds.
  path: Assets/Scripts/AI.cs
  artifactKey: Guid(0d0a9694fea256c4a83566fa58bc8e47) Importer(815301076,1909f56bfc062723c751e8b465ee728b)
Start importing Assets/Scripts/AI.cs using Guid(0d0a9694fea256c4a83566fa58bc8e47) Importer(815301076,1909f56bfc062723c751e8b465ee728b)  -> (artifact id: '7db79a8313dbdb0447b6cb2788999b71') in 0.009880 seconds
  Import took 0.012788 seconds .

========================================================================
Received Prepare
Registering precompiled user dll's ...
Registered in 0.001062 seconds.
Begin MonoManager ReloadAssembly
Native extension for WindowsStandalone target not found
Refreshing native plugins compatible for Editor in 0.20 ms, found 0 plugins.
Preloading 0 native plugins for Editor in 0.00 ms.
Mono: successfully reloaded assembly
- Completed reload, in  0.799 seconds
Platform modules already initialized, skipping
Refreshing native plugins compatible for Editor in 0.30 ms, found 0 plugins.
Preloading 0 native plugins for Editor in 0.00 ms.
Unloading 1137 Unused Serialized files (Serialized files now loaded: 0)
System memory in use before: 57.6 MB.
System memory in use after: 57.7 MB.

Unloading 4 unused Assets to reduce memory usage. Loaded Objects now: 1590.
Total: 1.574400 ms (FindLiveObjects: 0.140000 ms CreateObjectMapping: 0.036500 ms MarkObjects: 1.379400 ms  DeleteObjects: 0.017400 ms)

========================================================================
Received Prepare
Registering precompiled user dll's ...
Registered in 0.000612 seconds.
Begin MonoManager ReloadAssembly
Native extension for WindowsStandalone target not found
Refreshing native plugins compatible for Editor in 0.25 ms, found 0 plugins.
Preloading 0 native plugins for Editor in 0.00 ms.
Mono: successfully reloaded assembly
- Completed reload, in  0.961 seconds
Platform modules already initialized, skipping
Refreshing native plugins compatible for Editor in 0.21 ms, found 0 plugins.
Preloading 0 native plugins for Editor in 0.00 ms.
Unloading 1137 Unused Serialized files (Serialized files now loaded: 0)
System memory in use before: 57.7 MB.
System memory in use after: 57.8 MB.

Unloading 4 unused Assets to reduce memory usage. Loaded Objects now: 1593.
Total: 1.620600 ms (FindLiveObjects: 0.124500 ms CreateObjectMapping: 0.029400 ms MarkObjects: 1.453400 ms  DeleteObjects: 0.012400 ms)

========================================================================
Received Import Request.
  Time since last request: 169.435845 seconds.
  path: Assets/Scripts/AI.cs
  artifactKey: Guid(0d0a9694fea256c4a83566fa58bc8e47) Importer(815301076,1909f56bfc062723c751e8b465ee728b)
Start importing Assets/Scripts/AI.cs using Guid(0d0a9694fea256c4a83566fa58bc8e47) Importer(815301076,1909f56bfc062723c751e8b465ee728b)  -> (artifact id: 'b0017a5021f13379ef8b1160513fa07c') in 0.008200 seconds
  Import took 0.011064 seconds .

========================================================================
Received Prepare
Registering precompiled user dll's ...
Registered in 0.003837 seconds.
Begin MonoManager ReloadAssembly
Native extension for WindowsStandalone target not found
Refreshing native plugins compatible for Editor in 0.21 ms, found 0 plugins.
Preloading 0 native plugins for Editor in 0.00 ms.
Mono: successfully reloaded assembly
- Completed reload, in  0.916 seconds
Platform modules already initialized, skipping
Refreshing native plugins compatible for Editor in 0.19 ms, found 0 plugins.
Preloading 0 native plugins for Editor in 0.00 ms.
Unloading 1137 Unused Serialized files (Serialized files now loaded: 0)
System memory in use before: 57.7 MB.
System memory in use after: 57.8 MB.

Unloading 4 unused Assets to reduce memory usage. Loaded Objects now: 1596.
Total: 1.617700 ms (FindLiveObjects: 0.126100 ms CreateObjectMapping: 0.030300 ms MarkObjects: 1.445000 ms  DeleteObjects: 0.015400 ms)

AssetImportWorkerClient::OnTransportError - code=2 error=End of file
